{"contracts/Activatable.sol":{"l":{"15":4,"16":2,"21":14,"22":12,"27":2,"28":2,"33":6,"34":6},"path":"/Users/hamadayukinori/project11104/contracts/Activatable.sol","s":{"1":4,"2":14,"3":2,"4":2,"5":6,"6":6},"b":{"1":[2,2],"2":[12,2]},"f":{"1":4,"2":14,"3":2,"4":6},"fnMap":{"1":{"name":"whenActive","line":14,"loc":{"start":{"line":14,"column":4},"end":{"line":14,"column":23}}},"2":{"name":"whenNotActive","line":20,"loc":{"start":{"line":20,"column":4},"end":{"line":20,"column":26}}},"3":{"name":"deactivate","line":26,"loc":{"start":{"line":26,"column":4},"end":{"line":26,"column":51}}},"4":{"name":"activate","line":32,"loc":{"start":{"line":32,"column":4},"end":{"line":32,"column":52}}}},"statementMap":{"1":{"start":{"line":15,"column":8},"end":{"line":15,"column":22}},"2":{"start":{"line":21,"column":8},"end":{"line":21,"column":23}},"3":{"start":{"line":27,"column":8},"end":{"line":27,"column":21}},"4":{"start":{"line":28,"column":8},"end":{"line":28,"column":35}},"5":{"start":{"line":33,"column":8},"end":{"line":33,"column":20}},"6":{"start":{"line":34,"column":8},"end":{"line":34,"column":33}}},"branchMap":{"1":{"line":15,"type":"if","locations":[{"start":{"line":15,"column":8},"end":{"line":15,"column":8}},{"start":{"line":15,"column":8},"end":{"line":15,"column":8}}]},"2":{"line":21,"type":"if","locations":[{"start":{"line":21,"column":8},"end":{"line":21,"column":8}},{"start":{"line":21,"column":8},"end":{"line":21,"column":8}}]}}},"contracts/Room.sol":{"l":{"29":25,"33":18,"34":17,"38":8,"39":7,"40":6,"41":5,"42":4,"44":3,"45":3,"46":3,"51":4,"53":3,"54":3,"55":3},"path":"/Users/hamadayukinori/project11104/contracts/Room.sol","s":{"1":25,"2":18,"3":17,"4":8,"5":7,"6":6,"7":5,"8":4,"9":3,"10":3,"11":3,"12":4,"13":3,"14":3,"15":3},"b":{"1":[17,1],"2":[7,1],"3":[6,1],"4":[5,1],"5":[4,1],"6":[3,1],"7":[3,1]},"f":{"1":25,"2":18,"3":8,"4":4},"fnMap":{"1":{"name":"constructor","line":28,"loc":{"start":{"line":28,"column":4},"end":{"line":28,"column":46}}},"2":{"name":"deposit","line":32,"loc":{"start":{"line":32,"column":4},"end":{"line":32,"column":51}}},"3":{"name":"sendReward","line":37,"loc":{"start":{"line":37,"column":4},"end":{"line":37,"column":85}}},"4":{"name":"refundToOwner","line":50,"loc":{"start":{"line":50,"column":4},"end":{"line":50,"column":59}}}},"statementMap":{"1":{"start":{"line":29,"column":8},"end":{"line":29,"column":23}},"2":{"start":{"line":33,"column":8},"end":{"line":33,"column":29}},"3":{"start":{"line":34,"column":8},"end":{"line":34,"column":45}},"4":{"start":{"line":38,"column":8},"end":{"line":38,"column":32}},"5":{"start":{"line":39,"column":8},"end":{"line":39,"column":27}},"6":{"start":{"line":40,"column":8},"end":{"line":40,"column":48}},"7":{"start":{"line":41,"column":8},"end":{"line":41,"column":35}},"8":{"start":{"line":42,"column":8},"end":{"line":42,"column":30}},"9":{"start":{"line":44,"column":8},"end":{"line":44,"column":29}},"10":{"start":{"line":45,"column":8},"end":{"line":45,"column":30}},"11":{"start":{"line":46,"column":8},"end":{"line":46,"column":44}},"12":{"start":{"line":51,"column":8},"end":{"line":51,"column":41}},"13":{"start":{"line":53,"column":8},"end":{"line":53,"column":55}},"14":{"start":{"line":54,"column":8},"end":{"line":54,"column":38}},"15":{"start":{"line":55,"column":8},"end":{"line":55,"column":57}}},"branchMap":{"1":{"line":33,"type":"if","locations":[{"start":{"line":33,"column":8},"end":{"line":33,"column":8}},{"start":{"line":33,"column":8},"end":{"line":33,"column":8}}]},"2":{"line":38,"type":"if","locations":[{"start":{"line":38,"column":8},"end":{"line":38,"column":8}},{"start":{"line":38,"column":8},"end":{"line":38,"column":8}}]},"3":{"line":39,"type":"if","locations":[{"start":{"line":39,"column":8},"end":{"line":39,"column":8}},{"start":{"line":39,"column":8},"end":{"line":39,"column":8}}]},"4":{"line":40,"type":"if","locations":[{"start":{"line":40,"column":8},"end":{"line":40,"column":8}},{"start":{"line":40,"column":8},"end":{"line":40,"column":8}}]},"5":{"line":41,"type":"if","locations":[{"start":{"line":41,"column":8},"end":{"line":41,"column":8}},{"start":{"line":41,"column":8},"end":{"line":41,"column":8}}]},"6":{"line":42,"type":"if","locations":[{"start":{"line":42,"column":8},"end":{"line":42,"column":8}},{"start":{"line":42,"column":8},"end":{"line":42,"column":8}}]},"7":{"line":51,"type":"if","locations":[{"start":{"line":51,"column":8},"end":{"line":51,"column":8}},{"start":{"line":51,"column":8},"end":{"line":51,"column":8}}]}}},"contracts/RoomFactory.sol":{"l":{"20":7,"21":7},"path":"/Users/hamadayukinori/project11104/contracts/RoomFactory.sol","s":{"1":7,"2":7},"b":{},"f":{"1":7},"fnMap":{"1":{"name":"createRoom","line":19,"loc":{"start":{"line":19,"column":4},"end":{"line":19,"column":54}}}},"statementMap":{"1":{"start":{"line":20,"column":8},"end":{"line":20,"column":65}},"2":{"start":{"line":21,"column":8},"end":{"line":21,"column":56}}},"branchMap":{}}}