TN:
SF:/Users/hamadayukinori/project11104/contracts/Activatable.sol
FN:14,whenActive
FN:20,whenNotActive
FN:26,deactivate
FN:32,activate
FNF:4
FNH:4
FNDA:4,whenActive
FNDA:14,whenNotActive
FNDA:2,deactivate
FNDA:6,activate
DA:15,4
DA:16,2
DA:21,14
DA:22,12
DA:27,2
DA:28,2
DA:33,6
DA:34,6
LF:8
LH:8
BRDA:15,1,0,2
BRDA:15,1,1,2
BRDA:21,2,0,12
BRDA:21,2,1,2
BRF:4
BRH:4
end_of_record
TN:
SF:/Users/hamadayukinori/project11104/contracts/Room.sol
FN:28,constructor
FN:32,deposit
FN:37,sendReward
FN:50,refundToOwner
FNF:4
FNH:4
FNDA:25,constructor
FNDA:18,deposit
FNDA:8,sendReward
FNDA:4,refundToOwner
DA:29,25
DA:33,18
DA:34,17
DA:38,8
DA:39,7
DA:40,6
DA:41,5
DA:42,4
DA:44,3
DA:45,3
DA:46,3
DA:51,4
DA:53,3
DA:54,3
DA:55,3
LF:15
LH:15
BRDA:33,1,0,17
BRDA:33,1,1,1
BRDA:38,2,0,7
BRDA:38,2,1,1
BRDA:39,3,0,6
BRDA:39,3,1,1
BRDA:40,4,0,5
BRDA:40,4,1,1
BRDA:41,5,0,4
BRDA:41,5,1,1
BRDA:42,6,0,3
BRDA:42,6,1,1
BRDA:51,7,0,3
BRDA:51,7,1,1
BRF:14
BRH:14
end_of_record
TN:
SF:/Users/hamadayukinori/project11104/contracts/RoomFactory.sol
FN:19,createRoom
FNF:1
FNH:1
FNDA:7,createRoom
DA:20,7
DA:21,7
LF:2
LH:2
BRF:0
BRH:0
end_of_record
